
  .   ____          _            __ _ _
 /\\ / ___'_ __ _ _(_)_ __  __ _ \ \ \ \
( ( )\___ | '_ | '_| | '_ \/ _` | \ \ \ \
 \\/  ___)| |_)| | | | | || (_| |  ) ) ) )
  '  |____| .__|_| |_|_| |_\__, | / / / /
 =========|_|==============|___/=/_/_/_/
 :: Spring Boot ::               (v2.7.12)

2025-12-16 11:51:12.956  INFO 34556 --- [           main] main.SpringBootApp                       : Starting SpringBootApp v1.0.0 using Java 25.0.1 on IRS-DAS-LW-0355 with PID 34556 (C:\Users\ERS1399\Downloads\Full-Stack-Dev\JavaLearningProject\target\java-learning-project-1.0.0.jar started by ERS1399 in C:\Users\ERS1399\Downloads\Full-Stack-Dev\JavaLearningProject)
2025-12-16 11:51:12.962  INFO 34556 --- [           main] main.SpringBootApp                       : No active profile set, falling back to 1 default profile: "default"
2025-12-16 11:51:13.552  INFO 34556 --- [           main] .s.d.r.c.RepositoryConfigurationDelegate : Bootstrapping Spring Data JPA repositories in DEFAULT mode.
2025-12-16 11:51:13.618  INFO 34556 --- [           main] .s.d.r.c.RepositoryConfigurationDelegate : Finished Spring Data repository scanning in 44 ms. Found 1 JPA repository interfaces.
2025-12-16 11:51:14.513  INFO 34556 --- [           main] o.s.b.w.embedded.tomcat.TomcatWebServer  : Tomcat initialized with port(s): 8081 (http)
2025-12-16 11:51:14.525  INFO 34556 --- [           main] o.apache.catalina.core.StandardService   : Starting service [Tomcat]
2025-12-16 11:51:14.525  INFO 34556 --- [           main] org.apache.catalina.core.StandardEngine  : Starting Servlet engine: [Apache Tomcat/9.0.75]
2025-12-16 11:51:14.618  INFO 34556 --- [           main] o.a.c.c.C.[Tomcat].[localhost].[/]       : Initializing Spring embedded WebApplicationContext
2025-12-16 11:51:14.618  INFO 34556 --- [           main] w.s.c.ServletWebServerApplicationContext : Root WebApplicationContext: initialization completed in 1538 ms
2025-12-16 11:51:14.824  INFO 34556 --- [           main] o.f.c.internal.license.VersionPrinter    : Flyway Community Edition 9.16.3 by Redgate
2025-12-16 11:51:14.834  INFO 34556 --- [           main] o.f.c.internal.license.VersionPrinter    : See release notes here: https://rd.gt/416ObMi
2025-12-16 11:51:14.834  INFO 34556 --- [           main] o.f.c.internal.license.VersionPrinter    : 
2025-12-16 11:51:14.847  INFO 34556 --- [           main] com.zaxxer.hikari.HikariDataSource       : HikariPool-1 - Starting...
2025-12-16 11:51:15.040  INFO 34556 --- [           main] com.zaxxer.hikari.HikariDataSource       : HikariPool-1 - Start completed.
2025-12-16 11:51:15.052  INFO 34556 --- [           main] o.f.c.i.database.base.BaseDatabaseType   : Database: jdbc:h2:mem:vehicledb (H2 2.1)
2025-12-16 11:51:15.103  INFO 34556 --- [           main] o.f.c.i.s.JdbcTableSchemaHistory         : Schema history table "PUBLIC"."flyway_schema_history" does not exist yet
2025-12-16 11:51:15.106  INFO 34556 --- [           main] o.f.core.internal.command.DbValidate     : Successfully validated 1 migration (execution time 00:00.013s)
2025-12-16 11:51:15.111  INFO 34556 --- [           main] o.f.c.i.s.JdbcTableSchemaHistory         : Creating Schema History table "PUBLIC"."flyway_schema_history" ...
2025-12-16 11:51:15.134  INFO 34556 --- [           main] o.f.core.internal.command.DbMigrate      : Current version of schema "PUBLIC": << Empty Schema >>
2025-12-16 11:51:15.138  INFO 34556 --- [           main] o.f.core.internal.command.DbMigrate      : Migrating schema "PUBLIC" to version "1 - create vehicle table"
2025-12-16 11:51:15.147  INFO 34556 --- [           main] o.f.core.internal.command.DbMigrate      : Successfully applied 1 migration to schema "PUBLIC", now at version v1 (execution time 00:00.015s)
2025-12-16 11:51:15.271  INFO 34556 --- [           main] o.hibernate.jpa.internal.util.LogHelper  : HHH000204: Processing PersistenceUnitInfo [name: default]
2025-12-16 11:51:15.331  INFO 34556 --- [           main] org.hibernate.Version                    : HHH000412: Hibernate ORM core version 5.6.15.Final
2025-12-16 11:51:15.618  INFO 34556 --- [           main] o.hibernate.annotations.common.Version   : HCANN000001: Hibernate Commons Annotations {5.1.2.Final}
2025-12-16 11:51:15.790  INFO 34556 --- [           main] org.hibernate.dialect.Dialect            : HHH000400: Using dialect: org.hibernate.dialect.H2Dialect
2025-12-16 11:51:16.394  INFO 34556 --- [           main] o.h.e.t.j.p.i.JtaPlatformInitiator       : HHH000490: Using JtaPlatform implementation: [org.hibernate.engine.transaction.jta.platform.internal.NoJtaPlatform]
2025-12-16 11:51:16.416  INFO 34556 --- [           main] j.LocalContainerEntityManagerFactoryBean : Initialized JPA EntityManagerFactory for persistence unit 'default'
2025-12-16 11:51:16.790  WARN 34556 --- [           main] JpaBaseConfiguration$JpaWebConfiguration : spring.jpa.open-in-view is enabled by default. Therefore, database queries may be performed during view rendering. Explicitly configure spring.jpa.open-in-view to disable this warning
2025-12-16 11:51:17.128  INFO 34556 --- [           main] o.s.b.w.embedded.tomcat.TomcatWebServer  : Tomcat started on port(s): 8081 (http) with context path ''
2025-12-16 11:51:17.137  INFO 34556 --- [           main] main.SpringBootApp                       : Started SpringBootApp in 4.954 seconds (JVM running for 5.73)
Spring Boot context initialized.
Next: implement controllers and wire repositories (see TODO list).
2025-12-16 11:51:34.530  INFO 34556 --- [nio-8081-exec-1] o.a.c.c.C.[Tomcat].[localhost].[/]       : Initializing Spring DispatcherServlet 'dispatcherServlet'
2025-12-16 11:51:34.542  INFO 34556 --- [nio-8081-exec-1] o.s.web.servlet.DispatcherServlet        : Initializing Servlet 'dispatcherServlet'
2025-12-16 11:51:34.543  INFO 34556 --- [nio-8081-exec-1] o.s.web.servlet.DispatcherServlet        : Completed initialization in 0 ms
2025-12-16 11:51:34.687 DEBUG 34556 --- [nio-8081-exec-1] org.hibernate.SQL                        : select vehicle0_.id as id2_0_, vehicle0_.brand as brand3_0_, vehicle0_.model as model4_0_, vehicle0_.manufacture_year as manufact5_0_, vehicle0_.has_sidecar as has_side6_0_, vehicle0_.bike_type as bike_typ7_0_, vehicle0_.fuel_type as fuel_typ8_0_, vehicle0_.num_doors as num_door9_0_, vehicle0_.category as categor10_0_, vehicle0_.engine_cc as engine_11_0_, vehicle0_.has_trailer as has_tra12_0_, vehicle0_.payload_capacity_kg as payload13_0_, vehicle0_.vehicle_type as vehicle_1_0_ from vehicles vehicle0_
Hibernate: select vehicle0_.id as id2_0_, vehicle0_.brand as brand3_0_, vehicle0_.model as model4_0_, vehicle0_.manufacture_year as manufact5_0_, vehicle0_.has_sidecar as has_side6_0_, vehicle0_.bike_type as bike_typ7_0_, vehicle0_.fuel_type as fuel_typ8_0_, vehicle0_.num_doors as num_door9_0_, vehicle0_.category as categor10_0_, vehicle0_.engine_cc as engine_11_0_, vehicle0_.has_trailer as has_tra12_0_, vehicle0_.payload_capacity_kg as payload13_0_, vehicle0_.vehicle_type as vehicle_1_0_ from vehicles vehicle0_
2025-12-16 11:51:46.257 DEBUG 34556 --- [nio-8081-exec-3] org.hibernate.SQL                        : insert into vehicles (brand, model, manufacture_year, fuel_type, num_doors, vehicle_type, id) values (?, ?, ?, ?, ?, 'CAR', ?)
Hibernate: insert into vehicles (brand, model, manufacture_year, fuel_type, num_doors, vehicle_type, id) values (?, ?, ?, ?, ?, 'CAR', ?)
2025-12-16 11:51:58.247 DEBUG 34556 --- [nio-8081-exec-2] org.hibernate.SQL                        : select vehicle0_.id as id2_0_0_, vehicle0_.brand as brand3_0_0_, vehicle0_.model as model4_0_0_, vehicle0_.manufacture_year as manufact5_0_0_, vehicle0_.has_sidecar as has_side6_0_0_, vehicle0_.bike_type as bike_typ7_0_0_, vehicle0_.fuel_type as fuel_typ8_0_0_, vehicle0_.num_doors as num_door9_0_0_, vehicle0_.category as categor10_0_0_, vehicle0_.engine_cc as engine_11_0_0_, vehicle0_.has_trailer as has_tra12_0_0_, vehicle0_.payload_capacity_kg as payload13_0_0_, vehicle0_.vehicle_type as vehicle_1_0_0_ from vehicles vehicle0_ where vehicle0_.id=?
Hibernate: select vehicle0_.id as id2_0_0_, vehicle0_.brand as brand3_0_0_, vehicle0_.model as model4_0_0_, vehicle0_.manufacture_year as manufact5_0_0_, vehicle0_.has_sidecar as has_side6_0_0_, vehicle0_.bike_type as bike_typ7_0_0_, vehicle0_.fuel_type as fuel_typ8_0_0_, vehicle0_.num_doors as num_door9_0_0_, vehicle0_.category as categor10_0_0_, vehicle0_.engine_cc as engine_11_0_0_, vehicle0_.has_trailer as has_tra12_0_0_, vehicle0_.payload_capacity_kg as payload13_0_0_, vehicle0_.vehicle_type as vehicle_1_0_0_ from vehicles vehicle0_ where vehicle0_.id=?
